Lightship 2/Temp/gradleOut/unityLibrary/build/intermediates/manifest_merge_blame_file/release/manifest-merger-blame-release-report.txt
1<?xml version="1.0" encoding="utf-8"?>
2<!-- GENERATED BY UNITY. REMOVE THIS COMMENT TO PREVENT OVERWRITING WHEN EXPORTING AGAIN -->
3<manifest xmlns:android="http://schemas.android.com/apk/res/android"
4    xmlns:tools="http://schemas.android.com/tools"
5    package="com.unity3d.player"
6    android:versionCode="1"
7    android:versionName="1.0.2" >
8
9    <uses-sdk
10        android:minSdkVersion="30"
10-->src\main\AndroidManifest.xml
11        android:targetSdkVersion="30" />
11-->src\main\AndroidManifest.xml
12
13    <uses-feature android:glEsVersion="0x00030000" />
13-->src\main\AndroidManifest.xml:25:3-52
13-->src\main\AndroidManifest.xml:25:17-49
14    <uses-feature
14-->src\main\AndroidManifest.xml:26:3-91
15        android:name="android.hardware.vulkan.version"
15-->src\main\AndroidManifest.xml:26:17-63
16        android:required="false" />
16-->src\main\AndroidManifest.xml:26:64-88
17
18    <uses-permission android:name="android.permission.INTERNET" />
18-->src\main\AndroidManifest.xml:27:3-65
18-->src\main\AndroidManifest.xml:27:20-62
19    <uses-permission android:name="android.permission.ACCESS_NETWORK_STATE" />
19-->src\main\AndroidManifest.xml:28:3-77
19-->src\main\AndroidManifest.xml:28:20-74
20    <uses-permission android:name="android.permission.ACCESS_FINE_LOCATION" />
20-->src\main\AndroidManifest.xml:29:3-77
20-->src\main\AndroidManifest.xml:29:20-74
21
22    <uses-feature
22-->src\main\AndroidManifest.xml:30:3-89
23        android:name="android.hardware.location.gps"
23-->src\main\AndroidManifest.xml:30:17-61
24        android:required="false" />
24-->src\main\AndroidManifest.xml:30:62-86
25    <uses-feature
25-->src\main\AndroidManifest.xml:31:3-85
26        android:name="android.hardware.location"
26-->src\main\AndroidManifest.xml:31:17-57
27        android:required="false" />
27-->src\main\AndroidManifest.xml:31:58-82
28    <uses-feature
28-->src\main\AndroidManifest.xml:32:3-88
29        android:name="android.hardware.touchscreen"
29-->src\main\AndroidManifest.xml:32:17-60
30        android:required="false" />
30-->src\main\AndroidManifest.xml:32:61-85
31    <uses-feature
31-->src\main\AndroidManifest.xml:33:3-99
32        android:name="android.hardware.touchscreen.multitouch"
32-->src\main\AndroidManifest.xml:33:17-71
33        android:required="false" />
33-->src\main\AndroidManifest.xml:33:72-96
34    <uses-feature
34-->src\main\AndroidManifest.xml:34:3-108
35        android:name="android.hardware.touchscreen.multitouch.distinct"
35-->src\main\AndroidManifest.xml:34:17-80
36        android:required="false" />
36-->src\main\AndroidManifest.xml:34:81-105
37
38    <application>
38-->src\main\AndroidManifest.xml:4:3-24:17
39        <activity
39-->src\main\AndroidManifest.xml:5:5-12:16
40            android:name="com.unity3d.player.UnityPlayerActivity"
40-->src\main\AndroidManifest.xml:5:15-68
41            android:configChanges="mcc|mnc|locale|touchscreen|keyboard|keyboardHidden|navigation|orientation|screenLayout|uiMode|screenSize|smallestScreenSize|fontScale|layoutDirection|density"
41-->src\main\AndroidManifest.xml:5:182-363
42            android:hardwareAccelerated="false"
42-->src\main\AndroidManifest.xml:5:399-434
43            android:launchMode="singleTask"
43-->src\main\AndroidManifest.xml:5:150-181
44            android:resizeableActivity="false"
44-->src\main\AndroidManifest.xml:5:364-398
45            android:screenOrientation="fullSensor"
45-->src\main\AndroidManifest.xml:5:111-149
46            android:theme="@style/UnityThemeSelector" >
46-->src\main\AndroidManifest.xml:5:69-110
47            <intent-filter>
47-->src\main\AndroidManifest.xml:6:7-9:23
48                <action android:name="android.intent.action.MAIN" />
48-->src\main\AndroidManifest.xml:7:9-61
48-->src\main\AndroidManifest.xml:7:17-58
49
50                <category android:name="android.intent.category.LAUNCHER" />
50-->src\main\AndroidManifest.xml:8:9-69
50-->src\main\AndroidManifest.xml:8:19-66
51            </intent-filter>
52
53            <meta-data
53-->src\main\AndroidManifest.xml:10:7-82
54                android:name="unityplayer.UnityActivity"
54-->src\main\AndroidManifest.xml:10:18-58
55                android:value="true" />
55-->src\main\AndroidManifest.xml:10:59-79
56            <meta-data
56-->src\main\AndroidManifest.xml:11:7-78
57                android:name="android.notch_support"
57-->src\main\AndroidManifest.xml:11:18-54
58                android:value="true" />
58-->src\main\AndroidManifest.xml:11:55-75
59        </activity>
60
61        <meta-data
61-->src\main\AndroidManifest.xml:13:5-69
62            android:name="unity.splash-mode"
62-->src\main\AndroidManifest.xml:13:16-48
63            android:value="0" />
63-->src\main\AndroidManifest.xml:13:49-66
64        <meta-data
64-->src\main\AndroidManifest.xml:14:5-74
65            android:name="unity.splash-enable"
65-->src\main\AndroidManifest.xml:14:16-50
66            android:value="True" />
66-->src\main\AndroidManifest.xml:14:51-71
67        <meta-data
67-->src\main\AndroidManifest.xml:15:5-84
68            android:name="unity.allow-resizable-window"
68-->src\main\AndroidManifest.xml:15:16-59
69            android:value="False" />
69-->src\main\AndroidManifest.xml:15:60-81
70        <meta-data
70-->src\main\AndroidManifest.xml:16:5-81
71            android:name="notch.config"
71-->src\main\AndroidManifest.xml:16:16-43
72            android:value="portrait|landscape" />
72-->src\main\AndroidManifest.xml:16:44-78
73        <meta-data
73-->src\main\AndroidManifest.xml:17:5-101
74            android:name="unity.build-id"
74-->src\main\AndroidManifest.xml:17:16-45
75            android:value="6e033738-edde-443b-b53d-3a2c3781fc13" />
75-->src\main\AndroidManifest.xml:17:46-98
76
77        <receiver
77-->src\main\AndroidManifest.xml:18:5-113
78            android:name="com.unity.androidnotifications.UnityNotificationManager"
78-->src\main\AndroidManifest.xml:18:15-85
79            android:exported="false" />
79-->src\main\AndroidManifest.xml:18:86-110
80        <receiver
80-->src\main\AndroidManifest.xml:19:5-23:16
81            android:name="com.unity.androidnotifications.UnityNotificationRestartOnBootReceiver"
81-->src\main\AndroidManifest.xml:19:15-99
82            android:enabled="false"
82-->src\main\AndroidManifest.xml:19:100-123
83            android:exported="false" >
83-->src\main\AndroidManifest.xml:19:124-148
84            <intent-filter>
84-->src\main\AndroidManifest.xml:20:7-22:23
85                <action android:name="android.intent.action.BOOT_COMPLETED" />
85-->src\main\AndroidManifest.xml:21:9-71
85-->src\main\AndroidManifest.xml:21:17-68
86            </intent-filter>
87        </receiver>
88    </application>
89
90</manifest>